0 info it worked if it ends with ok
1 verbose cli [ 'C:\\Program Files\\nodejs\\node.exe',
1 verbose cli   'C:\\Users\\SHOBHIT\\AppData\\Roaming\\npm\\node_modules\\npm\\bin\\npm-cli.js',
1 verbose cli   'start' ]
2 info using npm@3.10.8
3 info using node@v6.9.5
4 verbose run-script [ 'prestart', 'start', 'poststart' ]
5 info lifecycle blockchain_backend@1.0.0~prestart: blockchain_backend@1.0.0
6 silly lifecycle blockchain_backend@1.0.0~prestart: no script for prestart, continuing
7 info lifecycle blockchain_backend@1.0.0~start: blockchain_backend@1.0.0
8 verbose lifecycle blockchain_backend@1.0.0~start: unsafe-perm in lifecycle true
9 verbose lifecycle blockchain_backend@1.0.0~start: PATH: C:\Users\SHOBHIT\AppData\Roaming\npm\node_modules\npm\bin\node-gyp-bin;E:\BlockChain-App-Backend\node_modules\.bin;C:\ProgramData\Oracle\Java\javapath;C:\Program Files (x86)\NVIDIA Corporation\PhysX\Common;C:\Program Files\Common Files\Microsoft Shared\Windows Live;C:\Program Files (x86)\Common Files\Microsoft Shared\Windows Live;C:\Program Files (x86)\AMD APP\bin\x86_64;C:\Program Files (x86)\AMD APP\bin\x86;C:\Program Files (x86)\Intel\iCLS Client\;C:\Program Files\Intel\iCLS Client\;C:\Windows\system32;C:\Windows;C:\Windows\System32\Wbem;C:\Windows\System32\WindowsPowerShell\v1.0\;C:\Program Files\Intel\Intel(R) Management Engine Components\DAL;C:\Program Files\Intel\Intel(R) Management Engine Components\IPT;C:\Program Files (x86)\Intel\Intel(R) Management Engine Components\DAL;C:\Program Files (x86)\Intel\Intel(R) Management Engine Components\IPT;C:\Program Files (x86)\ATI Technologies\ATI.ACE\Core-Static;C:\Program Files (x86)\Toshiba\Bluetooth Toshiba Stack\sys\;C:\Program Files (x86)\Toshiba\Bluetooth Toshiba Stack\sys\x64\;C:\Program Files (x86)\Windows Live\Shared;E:\OpenCV\build\x86\vc10\bin;C:\Program Files (x86)\Microsoft ASP.NET\ASP.NET Web Pages\v1.0\;E:\opencv\build\x86\vc11\bin;C:\Python27\python.exe;C:\Program Files (x86)\AMD\ATI.ACE\Core-Static;C:\Python27;E:\CloudFoundry;E:\Heroku\bin;C:\Program Files (x86)\git\cmd;%ANDROID_HOME%\tools;%ANDROID_HOME%\platform-tools;C:\Users\SHOBHIT\AppData\Roaming\npm\node_modules\cordova\bin;C:\Users\SHOBHIT\AppData\Roaming\npm\node_modules\ionic\bin;C:\Users\SHOBHIT\AppData\Roaming\npm;E:\Git\cmd;C:\Android;C:\Windows\System32;E:\GO Lang\bin;C:\Program Files\nodejs\;E:\AndroidSDK\tools;E:\AndroidSDK\platform-tools;C:\Program Files\Java\jdk1.8.0_101\bin;E:\AndroidSDK\build-tools\24.0.1;E:\Microsoft VS Code\bin;E:\MongoDB\bin;C:\Users\SHOBHIT\AppData\Roaming\npm
10 verbose lifecycle blockchain_backend@1.0.0~start: CWD: E:\BlockChain-App-Backend
11 silly lifecycle blockchain_backend@1.0.0~start: Args: [ '/d /s /c', 'nodemon index.js' ]
12 verbose stack Error: kill ENOSYS
12 verbose stack     at exports._errnoException (util.js:1022:11)
12 verbose stack     at process.kill (internal/process.js:172:13)
12 verbose stack     at process.listener (C:\Users\SHOBHIT\AppData\Roaming\npm\node_modules\npm\node_modules\npmlog\node_modules\gauge\node_modules\signal-exit\index.js:86:15)
12 verbose stack     at emitNone (events.js:91:20)
12 verbose stack     at process.emit (events.js:185:7)
12 verbose stack     at processEmit (C:\Users\SHOBHIT\AppData\Roaming\npm\node_modules\npm\node_modules\npmlog\node_modules\gauge\node_modules\signal-exit\index.js:146:32)
12 verbose stack     at processEmit (C:\Users\SHOBHIT\AppData\Roaming\npm\node_modules\npm\node_modules\npm-registry-client\node_modules\npmlog\node_modules\gauge\node_modules\signal-exit\index.js:146:32)
12 verbose stack     at Signal.wrap.onsignal (internal/process.js:199:44)
13 verbose cwd E:\BlockChain-App-Backend
14 error Windows_NT 6.1.7601
15 error argv "C:\\Program Files\\nodejs\\node.exe" "C:\\Users\\SHOBHIT\\AppData\\Roaming\\npm\\node_modules\\npm\\bin\\npm-cli.js" "start"
16 error node v6.9.5
17 error npm  v3.10.8
18 error code ENOSYS
19 error errno ENOSYS
20 error syscall kill
21 error kill ENOSYS
22 error If you need help, you may report this error at:
22 error     <https://github.com/npm/npm/issues>
23 verbose exit [ 1, true ]
